   ▲ Next.js 15.2.4
   - Local:        http://localhost:3000
   - Network:      http://172.20.10.6:3000
   - Environments: .env.local, .env

 ✓ Starting...
 ✓ Ready in 1829ms
 ○ Compiling /organizations ...
Browserslist: browsers data (caniuse-lite) is 7 months old. Please run:
  npx update-browserslist-db@latest
  Why you should do it regularly: https://github.com/browserslist/update-db#readme
 ✓ Compiled /organizations in 10.6s (8993 modules)
(node:56642) [DEP0040] DeprecationWarning: The `punycode` module is deprecated. Please use a userland alternative instead.
(Use `node --trace-deprecation ...` to show where the warning was created)
 GET /organizations 200 in 11637ms
 ○ Compiling /_not-found ...
 ✓ Compiled /api/user-allo-profile in 7.6s (9002 modules)
 GET /.well-known/appspecific/com.chrome.devtools.json 404 in 6964ms
 GET /_next/static/chunks/app/Notifications.module.css.mjs.map 404 in 6548ms
 HEAD /organizations 200 in 4663ms
 GET /organizations 200 in 621ms
 GET /api/user-allo-profile?walletAddress=0x94E4326A04Da5C07261D2895AE6b73316a790187 201 in 5675ms
 ○ Compiling /api/alloProfiles ...
 ✓ Compiled /api/alloProfiles in 543ms (9004 modules)
error fetching allo profiles:  TypeError: fetch failed
    at async POST (app/api/alloProfiles/route.ts:27:21)
  25 |     }`;
  26 |
> 27 |     const response = await fetch(process.env.ALLO_GRAPHQL_ENDPOINT as string, {
     |                     ^
  28 |       method: "POST",
  29 |       headers: {
  30 |         "Content-Type": "application/json", {
  [cause]: [Error: getaddrinfo ENOTFOUND grants-stack-indexer-v2.gitcoin.co] {
    errno: -3008,
    code: 'ENOTFOUND',
    syscall: 'getaddrinfo',
    hostname: 'grants-stack-indexer-v2.gitcoin.co'
  }
}
 POST /api/alloProfiles 500 in 709ms
 GET /organizations 200 in 216ms
 GET /.well-known/appspecific/com.chrome.devtools.json 404 in 51ms
 GET /_next/static/chunks/app/Notifications.module.css.mjs.map 404 in 33ms
 HEAD /organizations 200 in 102ms
 GET /api/user-allo-profile?walletAddress=0x94E4326A04Da5C07261D2895AE6b73316a790187 201 in 617ms
error fetching allo profiles:  TypeError: fetch failed
    at async POST (app/api/alloProfiles/route.ts:27:21)
  25 |     }`;
  26 |
> 27 |     const response = await fetch(process.env.ALLO_GRAPHQL_ENDPOINT as string, {
     |                     ^
  28 |       method: "POST",
  29 |       headers: {
  30 |         "Content-Type": "application/json", {
  [cause]: [Error: getaddrinfo ENOTFOUND grants-stack-indexer-v2.gitcoin.co] {
    errno: -3008,
    code: 'ENOTFOUND',
    syscall: 'getaddrinfo',
    hostname: 'grants-stack-indexer-v2.gitcoin.co'
  }
}
 POST /api/alloProfiles 500 in 43ms
   Reload env: .env.local
   Reload env: .env.local
 ⚠ Fast Refresh had to perform a full reload. Read more: https://nextjs.org/docs/messages/fast-refresh-reload
 ✓ Compiled in 18.9s (8980 modules)
 GET /organizations 200 in 543ms
 GET /organizations 200 in 10301ms
 ○ Compiling /_not-found ...
 ✓ Compiled /_not-found in 1424ms (8984 modules)
 GET /.well-known/appspecific/com.chrome.devtools.json 404 in 1714ms
 GET /_next/static/chunks/app/Notifications.module.css.mjs.map 404 in 750ms
 ○ Compiling /api/user-allo-profile ...
 ✓ Compiled /api/user-allo-profile in 1376ms (4688 modules)
 HEAD /organizations 200 in 530ms
 GET /api/user-allo-profile?walletAddress=0x94E4326A04Da5C07261D2895AE6b73316a790187 201 in 2140ms
 ○ Compiling /api/alloProfiles ...
 ✓ Compiled /api/alloProfiles in 913ms (4690 modules)
error fetching allo profiles:  TypeError: fetch failed
    at async POST (app/api/alloProfiles/route.ts:27:21)
  25 |     }`;
  26 |
> 27 |     const response = await fetch(process.env.ALLO_GRAPHQL_ENDPOINT as string, {
     |                     ^
  28 |       method: "POST",
  29 |       headers: {
  30 |         "Content-Type": "application/json", {
  [cause]: [Error: getaddrinfo ENOTFOUND grants-stack-indexer-v2.gitcoin.co] {
    errno: -3008,
    code: 'ENOTFOUND',
    syscall: 'getaddrinfo',
    hostname: 'grants-stack-indexer-v2.gitcoin.co'
  }
}
 POST /api/alloProfiles 500 in 1120ms
   Reload env: .env.local
 ✓ Compiled in 1020ms (9004 modules)
 GET /organizations 200 in 58ms
   Reload env: .env.local
 ✓ Compiled in 544ms (9004 modules)
 GET /organizations 200 in 24ms
 ○ Compiling /explore ...
 ✓ Compiled /explore in 3.4s (9281 modules)
 GET /organizations 200 in 1392ms
 GET /explore 200 in 3477ms
 ○ Compiling /manage/[slug] ...
 ✓ Compiled /manage/[slug] in 2.6s (9428 modules)
 GET /manage/42220-0x16bA53B74c234C870c61EFC04cD418B8f2865959-67375908650345815765748172271490105868288 200 in 3590ms
 ○ Compiling /_not-found ...
 ✓ Compiled /_not-found in 935ms (9432 modules)
 GET /.well-known/appspecific/com.chrome.devtools.json 404 in 1061ms
 GET /_next/static/chunks/app/Notifications.module.css.mjs.map 404 in 126ms
 ○ Compiling /api/getHyperstakerInfo ...
 ✓ Compiled /api/alloPool in 3.9s (9454 modules)
 HEAD /manage/42220-0x16bA53B74c234C870c61EFC04cD418B8f2865959-67375908650345815765748172271490105868288 200 in 2710ms
 GET /api/alloPool?slug=67375908650345815765748172271490105868288 200 in 3045ms
 GET /api/alloPool?slug=67375908650345815765748172271490105868288 200 in 37ms
 POST /api/checkProjectListing 200 in 4667ms
 POST /api/getHyperstakerInfo 200 in 5017ms
 POST /api/getHyperstakerInfo 200 in 4232ms
 ○ Compiling /api/getTotalFinancialContributions ...
 ✓ Compiled /api/getTotalFinancialContributions in 668ms (9456 modules)
 POST /api/getTotalFinancialContributions 200 in 910ms
 ○ Compiling /api/getNonFinancialContributions ...
 ✓ Compiled /api/getNonFinancialContributions in 2.5s (9303 modules)
 POST /api/getNonFinancialContributions 200 in 3309ms
 POST /api/getNonFinancialContributions 200 in 3289ms
 ○ Compiling / ...
 ✓ Compiled / in 4.8s (9776 modules)
 GET /manage/42220-0x16bA53B74c234C870c61EFC04cD418B8f2865959-67375908650345815765748172271490105868288 200 in 3361ms
 GET / 200 in 5632ms
 ○ Compiling /api/getHyperstakerInfo ...
 ✓ Compiled /api/alloPool in 1295ms (5245 modules)
 ✓ Compiled (5249 modules)
 HEAD /manage/42220-0x16bA53B74c234C870c61EFC04cD418B8f2865959-67375908650345815765748172271490105868288 200 in 2371ms
 GET /api/alloPool?slug=67375908650345815765748172271490105868288 200 in 1812ms
 GET /api/alloPool?slug=67375908650345815765748172271490105868288 200 in 66ms
 POST /api/getHyperstakerInfo 200 in 3397ms
 POST /api/getHyperstakerInfo 200 in 3580ms
 ○ Compiling /api/getTotalFinancialContributions ...
 POST /api/checkProjectListing 200 in 2870ms
 POST /api/checkProjectListing 200 in 4158ms
 POST /api/checkProjectListing 200 in 1154ms
 ✓ Compiled /api/getTotalFinancialContributions in 926ms (5251 modules)
 POST /api/getTotalFinancialContributions 200 in 1292ms
 POST /api/getNonFinancialContributions 200 in 683ms
 POST /api/getNonFinancialContributions 200 in 793ms
   Reload env: .env.local
 ⚠ Fast Refresh had to perform a full reload. Read more: https://nextjs.org/docs/messages/fast-refresh-reload
 ⚠ Fast Refresh had to perform a full reload. Read more: https://nextjs.org/docs/messages/fast-refresh-reload
 ✓ Compiled in 24.2s (9328 modules)
 ⨯ Error: No projectId found. Every dApp must now provide a WalletConnect Cloud projectId to enable WalletConnect v2 https://www.rainbowkit.com/docs/installation#configure
    at eval (app/(legacy)/rainbow.tsx:27:32)
    at (ssr)/./app/(legacy)/rainbow.tsx (.next/server/app/(legacy)/manage/[slug]/page.js:174:1)
    at __webpack_require__ (.next/server/webpack-runtime.js:33:43)
    at eval (webpack-internal:///(ssr)/./app/(legacy)/template.tsx:7:66)
    at (ssr)/./app/(legacy)/template.tsx (.next/server/app/(legacy)/manage/[slug]/page.js:185:1)
    at Object.__webpack_require__ [as require] (.next/server/webpack-runtime.js:33:43)
  25 |   },
  26 | };
> 27 | const config = getDefaultConfig({
     |                                ^
  28 |   appName: "RainbowKit App",
  29 |   projectId: process.env.NEXT_PUBLIC_WALLETCONNECT_ID as string,
  30 |   chains: [ {
  digest: '111406657'
}
 GET /manage/42220-0x16bA53B74c234C870c61EFC04cD418B8f2865959-67375908650345815765748172271490105868288 500 in 12815ms
 GET /manage/42220-0x16bA53B74c234C870c61EFC04cD418B8f2865959-67375908650345815765748172271490105868288 200 in 778ms
 ⨯ Error: No projectId found. Every dApp must now provide a WalletConnect Cloud projectId to enable WalletConnect v2 https://www.rainbowkit.com/docs/installation#configure
    at eval (app/(legacy)/rainbow.tsx:27:32)
    at (ssr)/./app/(legacy)/rainbow.tsx (.next/server/app/(legacy)/manage/[slug]/page.js:174:1)
    at __webpack_require__ (.next/server/webpack-runtime.js:33:43)
    at eval (webpack-internal:///(ssr)/./app/(legacy)/template.tsx:7:66)
    at (ssr)/./app/(legacy)/template.tsx (.next/server/app/(legacy)/manage/[slug]/page.js:185:1)
    at Object.__webpack_require__ [as require] (.next/server/webpack-runtime.js:33:43)
  25 |   },
  26 | };
> 27 | const config = getDefaultConfig({
     |                                ^
  28 |   appName: "RainbowKit App",
  29 |   projectId: process.env.NEXT_PUBLIC_WALLETCONNECT_ID as string,
  30 |   chains: [ {
  digest: '111406657'
}
 GET /manage/42220-0x16bA53B74c234C870c61EFC04cD418B8f2865959-67375908650345815765748172271490105868288 500 in 706ms
   Reload env: .env.local
 ⚠ Fast Refresh had to perform a full reload due to a runtime error.
 ⚠ Fast Refresh had to perform a full reload due to a runtime error.
 ✓ Compiled in 16.4s (9328 modules)
 GET /manage/42220-0x16bA53B74c234C870c61EFC04cD418B8f2865959-67375908650345815765748172271490105868288 200 in 8361ms
   Reload env: .env.local
 GET /manage/42220-0x16bA53B74c234C870c61EFC04cD418B8f2865959-67375908650345815765748172271490105868288 200 in 3049ms
 GET /manage/42220-0x16bA53B74c234C870c61EFC04cD418B8f2865959-67375908650345815765748172271490105868288 200 in 3135ms
 ○ Compiling /api/getHyperstakerInfo ...
 ✓ Compiled /api/getHyperstakerInfo in 9.9s (9308 modules)
 HEAD /manage/42220-0x16bA53B74c234C870c61EFC04cD418B8f2865959-67375908650345815765748172271490105868288 200 in 4154ms
 GET /manage/42220-0x16bA53B74c234C870c61EFC04cD418B8f2865959-67375908650345815765748172271490105868288 200 in 64ms
 POST /api/getHyperstakerInfo 200 in 4939ms
 POST /api/getHyperstakerInfo 200 in 4854ms
 POST /api/getHyperstakerInfo 200 in 2758ms
 POST /api/checkProjectListing 200 in 2764ms
 POST /api/checkProjectListing 200 in 5026ms
 POST /api/getHyperstakerInfo 200 in 628ms
 ✓ Compiled /api/alloPool in 421ms (4776 modules)
 GET /manage/42220-0x16bA53B74c234C870c61EFC04cD418B8f2865959-67375908650345815765748172271490105868288 200 in 771ms
 GET /manage/42220-0x16bA53B74c234C870c61EFC04cD418B8f2865959-67375908650345815765748172271490105868288 200 in 37ms
 GET /api/alloPool?slug=67375908650345815765748172271490105868288 200 in 1505ms
 GET /api/alloPool?slug=67375908650345815765748172271490105868288 200 in 77ms
 POST /api/getHyperstakerInfo 200 in 234ms
 ○ Compiling /api/getTotalFinancialContributions ...
 POST /api/checkProjectListing 200 in 935ms
 POST /api/checkProjectListing 200 in 2342ms
 POST /api/checkProjectListing 200 in 2392ms
 ✓ Compiled /api/getTotalFinancialContributions in 847ms (4778 modules)
 ✓ Compiled in 0ms (4778 modules)
 ✓ Compiled in 0ms (4778 modules)
 ✓ Compiled in 0ms (4778 modules)
 POST /api/getTotalFinancialContributions 200 in 2333ms
 POST /api/getHyperstakerInfo 200 in 2326ms
 POST /api/getTotalFinancialContributions 200 in 1552ms
 ✓ Compiled in 0ms (4778 modules)
 GET /api/alloPool?slug=67375908650345815765748172271490105868288 200 in 2713ms
 ✓ Compiled in 0ms (4778 modules)
 POST /api/checkProjectListing 200 in 2651ms
 HEAD /manage/42220-0x16bA53B74c234C870c61EFC04cD418B8f2865959-67375908650345815765748172271490105868288 200 in 2095ms
 GET /organizations 200 in 1096ms
 ○ Compiling /api/user-allo-profile ...
 GET /api/alloPool?slug=67375908650345815765748172271490105868288 200 in 1661ms
 ✓ Compiled /api/user-allo-profile in 949ms (4780 modules)
 GET /api/user-allo-profile?walletAddress=0x94E4326A04Da5C07261D2895AE6b73316a790187 201 in 1894ms
 GET /api/alloPool?slug=67375908650345815765748172271490105868288 200 in 1255ms
 GET /api/user-allo-profile?walletAddress=0x94E4326A04Da5C07261D2895AE6b73316a790187 201 in 69ms
 ✓ Compiled /api/alloProfiles in 357ms (4782 modules)
error fetching allo profiles:  TypeError: fetch failed
    at async POST (app/api/alloProfiles/route.ts:27:21)
  25 |     }`;
  26 |
> 27 |     const response = await fetch(process.env.ALLO_GRAPHQL_ENDPOINT as string, {
     |                     ^
  28 |       method: "POST",
  29 |       headers: {
  30 |         "Content-Type": "application/json", {
  [cause]: [Error: getaddrinfo ENOTFOUND grants-stack-indexer-v2.gitcoin.co] {
    errno: -3008,
    code: 'ENOTFOUND',
    syscall: 'getaddrinfo',
    hostname: 'grants-stack-indexer-v2.gitcoin.co'
  }
}
 POST /api/alloProfiles 500 in 938ms
error fetching allo profiles:  TypeError: fetch failed
    at async POST (app/api/alloProfiles/route.ts:27:21)
  25 |     }`;
  26 |
> 27 |     const response = await fetch(process.env.ALLO_GRAPHQL_ENDPOINT as string, {
     |                     ^
  28 |       method: "POST",
  29 |       headers: {
  30 |         "Content-Type": "application/json", {
  [cause]: [Error: getaddrinfo ENOTFOUND grants-stack-indexer-v2.gitcoin.co] {
    errno: -3008,
    code: 'ENOTFOUND',
    syscall: 'getaddrinfo',
    hostname: 'grants-stack-indexer-v2.gitcoin.co'
  }
}
 POST /api/alloProfiles 500 in 888ms
 GET /api/alloPool?slug=67375908650345815765748172271490105868288 200 in 1358ms
 ○ Compiling /_not-found ...
 ✓ Compiled /_not-found in 1737ms (9320 modules)
 GET /.well-known/appspecific/com.chrome.devtools.json 404 in 2129ms
 GET /_next/static/chunks/app/Notifications.module.css.mjs.map 404 in 407ms
 GET /organizations 200 in 189ms
 GET /.well-known/appspecific/com.chrome.devtools.json 404 in 148ms
 GET /_next/static/chunks/app/Notifications.module.css.mjs.map 404 in 43ms
 HEAD /organizations 200 in 100ms
 GET /api/user-allo-profile?walletAddress=0x94E4326A04Da5C07261D2895AE6b73316a790187 201 in 512ms
error fetching allo profiles:  TypeError: fetch failed
    at async POST (app/api/alloProfiles/route.ts:27:21)
  25 |     }`;
  26 |
> 27 |     const response = await fetch(process.env.ALLO_GRAPHQL_ENDPOINT as string, {
     |                     ^
  28 |       method: "POST",
  29 |       headers: {
  30 |         "Content-Type": "application/json", {
  [cause]: [Error: getaddrinfo ENOTFOUND grants-stack-indexer-v2.gitcoin.co] {
    errno: -3008,
    code: 'ENOTFOUND',
    syscall: 'getaddrinfo',
    hostname: 'grants-stack-indexer-v2.gitcoin.co'
  }
}
 POST /api/alloProfiles 500 in 44ms
 HEAD /manage/42220-0x16bA53B74c234C870c61EFC04cD418B8f2865959-67375908650345815765748172271490105868288 200 in 78ms
 ✓ Compiled in 5.2s (9302 modules)
 GET /organizations 200 in 167ms
 GET /manage/42220-0x16bA53B74c234C870c61EFC04cD418B8f2865959-67375908650345815765748172271490105868288 200 in 170ms
 GET /manage/42220-0x16bA53B74c234C870c61EFC04cD418B8f2865959-67375908650345815765748172271490105868288 200 in 24ms
 ✓ Compiled in 1989ms (9302 modules)
 GET /organizations 200 in 108ms
 GET /manage/42220-0x16bA53B74c234C870c61EFC04cD418B8f2865959-67375908650345815765748172271490105868288 200 in 112ms
 GET /manage/42220-0x16bA53B74c234C870c61EFC04cD418B8f2865959-67375908650345815765748172271490105868288 200 in 21ms
 ✓ Compiled in 2.3s (9302 modules)
 GET /organizations 200 in 190ms
 GET /manage/42220-0x16bA53B74c234C870c61EFC04cD418B8f2865959-67375908650345815765748172271490105868288 200 in 188ms
 GET /manage/42220-0x16bA53B74c234C870c61EFC04cD418B8f2865959-67375908650345815765748172271490105868288 200 in 434ms
 ○ Compiling /_not-found ...
 ✓ Compiled /_not-found in 1999ms (9292 modules)
 GET /.well-known/appspecific/com.chrome.devtools.json 404 in 2191ms
 GET /_next/static/chunks/app/Notifications.module.css.mjs.map 404 in 918ms
 GET /manage/42220-0x16bA53B74c234C870c61EFC04cD418B8f2865959-67375908650345815765748172271490105868288 200 in 731ms
 GET /.well-known/appspecific/com.chrome.devtools.json 404 in 147ms
 GET /_next/static/chunks/app/Notifications.module.css.mjs.map 404 in 47ms
 ○ Compiling /api/getHyperstakerInfo ...
 ✓ Compiled /api/alloPool in 3.1s (4773 modules)
 ✓ Compiled (4777 modules)
 POST /api/getHyperstakerInfo 200 in 4909ms
 GET /api/alloPool?slug=67375908650345815765748172271490105868288 200 in 3835ms
 POST /api/getHyperstakerInfo 200 in 5380ms
 HEAD /manage/42220-0x16bA53B74c234C870c61EFC04cD418B8f2865959-67375908650345815765748172271490105868288 200 in 351ms
 POST /api/checkProjectListing 200 in 5419ms
 POST /api/checkProjectListing 200 in 3658ms
 POST /api/checkProjectListing 200 in 3682ms
 GET /api/alloPool?slug=67375908650345815765748172271490105868288 200 in 83ms
 ○ Compiling /api/getTotalFinancialContributions ...
 ✓ Compiled /api/getTotalFinancialContributions in 506ms (4779 modules)
 POST /api/getTotalFinancialContributions 200 in 753ms
 GET /manage/42220-0x16bA53B74c234C870c61EFC04cD418B8f2865959-67375908650345815765748172271490105868288 200 in 390ms
 GET /.well-known/appspecific/com.chrome.devtools.json 404 in 96ms
 GET /_next/static/chunks/app/Notifications.module.css.mjs.map 404 in 38ms
 HEAD /manage/42220-0x16bA53B74c234C870c61EFC04cD418B8f2865959-67375908650345815765748172271490105868288 200 in 111ms
 POST /api/getHyperstakerInfo 200 in 621ms
 POST /api/checkProjectListing 200 in 642ms
 POST /api/getHyperstakerInfo 200 in 533ms
 GET /api/alloPool?slug=67375908650345815765748172271490105868288 200 in 500ms
 GET /api/alloPool?slug=67375908650345815765748172271490105868288 200 in 90ms
 POST /api/checkProjectListing 200 in 566ms
 POST /api/getTotalFinancialContributions 200 in 227ms
 ✓ Compiled in 2.5s (9330 modules)
 GET /organizations 200 in 74ms
 GET /manage/42220-0x16bA53B74c234C870c61EFC04cD418B8f2865959-67375908650345815765748172271490105868288 200 in 95ms
 GET /manage/42220-0x16bA53B74c234C870c61EFC04cD418B8f2865959-67375908650345815765748172271490105868288 200 in 80ms
 ✓ Compiled in 3.6s (9304 modules)
 GET /organizations 200 in 240ms
 GET /manage/42220-0x16bA53B74c234C870c61EFC04cD418B8f2865959-67375908650345815765748172271490105868288 200 in 238ms
 GET /manage/42220-0x16bA53B74c234C870c61EFC04cD418B8f2865959-67375908650345815765748172271490105868288 200 in 16ms
 ✓ Compiled in 1578ms (9304 modules)
 GET /organizations 200 in 133ms
 GET /manage/42220-0x16bA53B74c234C870c61EFC04cD418B8f2865959-67375908650345815765748172271490105868288 200 in 132ms
 GET /manage/42220-0x16bA53B74c234C870c61EFC04cD418B8f2865959-67375908650345815765748172271490105868288 200 in 58ms
 ✓ Compiled in 1937ms (9304 modules)
 GET /organizations 200 in 201ms
 GET /manage/42220-0x16bA53B74c234C870c61EFC04cD418B8f2865959-67375908650345815765748172271490105868288 200 in 197ms
 GET /manage/42220-0x16bA53B74c234C870c61EFC04cD418B8f2865959-67375908650345815765748172271490105868288 200 in 50ms
 ○ Compiling /api/getNonFinancialContributions ...
 ✓ Compiled /api/getNonFinancialContributions in 2.6s (4772 modules)
 POST /api/getNonFinancialContributions 200 in 3235ms
 POST /api/getNonFinancialContributions 200 in 3317ms
 ✓ Compiled in 2.5s (9341 modules)
 GET /organizations 200 in 127ms
 GET /manage/42220-0x16bA53B74c234C870c61EFC04cD418B8f2865959-67375908650345815765748172271490105868288 200 in 137ms
 GET /manage/42220-0x16bA53B74c234C870c61EFC04cD418B8f2865959-67375908650345815765748172271490105868288 200 in 91ms
 ○ Compiling /api/checkProjectListing ...
 ✓ Compiled /api/checkProjectListing in 1491ms (4784 modules)
 ✓ Compiled (4787 modules)
 POST /api/getHyperstakerInfo 200 in 2333ms
 POST /api/getHyperstakerInfo 200 in 2437ms
 POST /api/getHyperstakerInfo 200 in 2449ms
 POST /api/getHyperstakerInfo 200 in 214ms
 POST /api/getHyperstakerInfo 200 in 234ms
 POST /api/checkProjectListing 200 in 2983ms
 POST /api/checkProjectListing 200 in 532ms
 POST /api/checkProjectListing 200 in 2974ms
 POST /api/checkProjectListing 200 in 2883ms
 POST /api/checkProjectListing 200 in 529ms
 POST /api/getHyperstakerInfo 200 in 295ms
 ○ Compiling /api/alloPool ...
 ✓ Compiled /api/alloPool in 684ms (4789 modules)
 POST /api/checkProjectListing 200 in 928ms
 GET /api/alloPool?slug=67375908650345815765748172271490105868288 200 in 1335ms
 GET /api/alloPool?slug=67375908650345815765748172271490105868288 200 in 77ms
 GET /api/alloPool?slug=67375908650345815765748172271490105868288 200 in 118ms
 ○ Compiling /api/getTotalFinancialContributions ...
 ✓ Compiled /api/getTotalFinancialContributions in 697ms (4791 modules)
 POST /api/getTotalFinancialContributions 200 in 1555ms
 POST /api/getTotalFinancialContributions 200 in 1491ms
 GET /api/alloPool?slug=67375908650345815765748172271490105868288 200 in 1694ms
 GET /api/alloPool?slug=67375908650345815765748172271490105868288 200 in 41ms
 GET /api/alloPool?slug=67375908650345815765748172271490105868288 200 in 44ms
 ✓ Compiled in 3.4s (9350 modules)
 GET /organizations 200 in 184ms
 GET /manage/42220-0x16bA53B74c234C870c61EFC04cD418B8f2865959-67375908650345815765748172271490105868288 200 in 189ms
 GET /manage/42220-0x16bA53B74c234C870c61EFC04cD418B8f2865959-67375908650345815765748172271490105868288 200 in 126ms
